2023-03-25 22:15:21,096 =========================================================
2023-03-25 22:15:21,112 loadAutoPage {
2023-03-25 22:15:22,283 	goToURL {
2023-03-25 22:15:22,816 	} goToURL
2023-03-25 22:15:22,816 	waitPageLoad {
2023-03-25 22:15:22,864 	} waitPageLoad
2023-03-25 22:15:22,864 	closeReclama {
2023-03-25 22:15:33,453 	} closeReclama
2023-03-25 22:15:34,436 	goToURL {
2023-03-25 22:15:35,589 	} goToURL
2023-03-25 22:15:35,589 	waitPageLoad {
2023-03-25 22:15:47,190 	} waitPageLoad
2023-03-25 22:15:47,190 	closeReclama {
2023-03-25 22:15:51,075 	} closeReclama
2023-03-25 22:15:56,148 } loadAutoPage
2023-03-25 22:15:56,148 getAutoStatus {
2023-03-25 22:15:56,148     getAutoStatus: auto: {'lastEnterTime': 1679771721.113, 'pic': '319558.png', 'use diamonds reload': True, 'orderPic': 'rabota', 'id': '319558', 'findWords': '\xd1\x80\xd0\xb0\xd0\xb1\xd0\xbe\xd1\x82\xd0\xb0'}
2023-03-25 22:15:56,148 	closeReclama {
2023-03-25 22:15:58,145 	} closeReclama
2023-03-25 22:16:02,450 } getAutoStatus
2023-03-25 22:16:02,450 getAutoStatus {
2023-03-25 22:16:02,467     getAutoStatus: auto: {'lastEnterTime': 1679771721.113, 'pic': '319558.png', 'use diamonds reload': True, 'orderPic': 'rabota', 'id': '319558', 'findWords': '\xd1\x80\xd0\xb0\xd0\xb1\xd0\xbe\xd1\x82\xd0\xb0'}
2023-03-25 22:16:02,467 	closeReclama {
2023-03-25 22:16:04,369 	} closeReclama
2023-03-25 22:16:05,088 	setTimers {
2023-03-25 22:16:05,088 	} setTimers
2023-03-25 22:16:05,102 } getAutoStatus
2023-03-25 22:16:05,102 getOrder {
2023-03-25 22:16:05,102 	getOrderPic {
2023-03-25 22:16:05,102 	} getOrderPic
2023-03-25 22:16:05,118 	getAutoStatus {
2023-03-25 22:16:05,118     getAutoStatus: auto: {'emptyStart': 1679771765.088, 'lastEnterTime': 1679771721.113, 'pic': '319558.png', 'use diamonds reload': True, 'orderPic': 'rabota', 'id': '319558', 'findWords': '\xd1\x80\xd0\xb0\xd0\xb1\xd0\xbe\xd1\x82\xd0\xb0', 'status': 'empty'}
2023-03-25 22:16:05,118 		closeReclama {
2023-03-25 22:16:06,788 		} closeReclama
2023-03-25 22:16:07,427 		setTimers {
2023-03-25 22:16:07,427 		} setTimers
2023-03-25 22:16:07,427 	} getAutoStatus
2023-03-25 22:16:07,427 	findWords {
2023-03-25 22:16:07,427 		getOrderFindWordPic {
2023-03-25 22:16:07,427 		} getOrderFindWordPic
2023-03-25 22:16:08,519 	} findWords
2023-03-25 22:16:08,519 	clickOnCaptcha {
2023-03-25 22:16:15,384 	} clickOnCaptcha
2023-03-25 22:16:15,384 	getAutoStatus {
2023-03-25 22:16:15,384     getAutoStatus: auto: {'emptyStart': 1679771765.088, 'lastEnterTime': 1679771721.113, 'pic': '319558.png', 'use diamonds reload': True, 'orderPic': 'rabota', 'id': '319558', 'findWords': '\xd1\x80\xd0\xb0\xd0\xb1\xd0\xbe\xd1\x82\xd0\xb0', 'status': 'empty'}
2023-03-25 22:16:15,384 		closeReclama {
2023-03-25 22:16:16,865 		} closeReclama
2023-03-25 22:16:17,022 		setTimers {
2023-03-25 22:16:17,022 		} setTimers
2023-03-25 22:16:17,022 	} getAutoStatus
2023-03-25 22:16:17,022 	reloadOrders {
2023-03-25 22:16:17,022 		goToPageEnd {
2023-03-25 22:16:17,022 			ifExistsClick {
2023-03-25 22:16:17,022 				closeReclama {
2023-03-25 22:16:18,660 				} closeReclama
2023-03-25 22:16:19,813 			} ifExistsClick
2023-03-25 22:16:19,907 		} goToPageEnd
2023-03-25 22:16:19,907 reloadOrders: auto['use diamonds reload'] = True
2023-03-25 22:16:19,907 		ifExistsClick {
2023-03-25 22:16:19,907 			closeReclama {
2023-03-25 22:16:21,624 			} closeReclama
2023-03-25 22:16:23,246 		} ifExistsClick
2023-03-25 22:16:33,260 		isPageBusy {
2023-03-25 22:16:34,509 		} isPageBusy
2023-03-25 22:16:34,509 	} reloadOrders
2023-03-25 22:16:34,509 	getAutoStatus {
2023-03-25 22:16:34,509     getAutoStatus: auto: {'lastEnterTime': 1679771721.113, 'pic': '319558.png', 'use diamonds reload': True, 'orderPic': 'rabota', 'id': '319558', 'findWords': '\xd1\x80\xd0\xb0\xd0\xb1\xd0\xbe\xd1\x82\xd0\xb0', 'status': 'empty reload'}
2023-03-25 22:16:34,509 		closeReclama {
2023-03-25 22:16:36,224 		} closeReclama
2023-03-25 22:16:37,145 		setTimers {
2023-03-25 22:16:37,145 		} setTimers
2023-03-25 22:16:37,145 	} getAutoStatus
2023-03-25 22:16:37,145 	findWords {
2023-03-25 22:16:37,145 		getOrderFindWordPic {
2023-03-25 22:16:37,145 		} getOrderFindWordPic
2023-03-25 22:16:44,118 	} findWords
2023-03-25 22:16:44,118 	reloadOrders {
2023-03-25 22:16:44,118 		goToPageEnd {
2023-03-25 22:16:44,118 			ifExistsClick {
2023-03-25 22:16:44,118 				closeReclama {
2023-03-25 22:16:45,710 				} closeReclama
2023-03-25 22:16:46,865 			} ifExistsClick
2023-03-25 22:16:46,973 		} goToPageEnd
2023-03-25 22:16:46,973 reloadOrders: auto['use diamonds reload'] = True
2023-03-25 22:16:46,973 		ifExistsClick {
2023-03-25 22:16:46,973 			closeReclama {
2023-03-25 22:16:48,938 			} closeReclama
2023-03-25 22:16:50,030 		} ifExistsClick
2023-03-25 22:16:50,030 		ifExistsClick {
2023-03-25 22:16:50,030 			closeReclama {
2023-03-25 22:16:51,622 			} closeReclama
2023-03-25 22:16:52,948 		} ifExistsClick
2023-03-25 22:17:02,963 		isPageBusy {
2023-03-25 22:17:04,148 		} isPageBusy
2023-03-25 22:17:04,148 	} reloadOrders
2023-03-25 22:17:09,157 	getAutoStatus {
2023-03-25 22:17:09,157     getAutoStatus: auto: {'emptyStart': 1679771797.146, 'lastEnterTime': 1679771721.113, 'pic': '319558.png', 'use diamonds reload': True, 'orderPic': 'rabota', 'id': '319558', 'findWords': '\xd1\x80\xd0\xb0\xd0\xb1\xd0\xbe\xd1\x82\xd0\xb0', 'status': 'empty'}
2023-03-25 22:17:09,157 		closeReclama {
2023-03-25 22:17:11,122 		} closeReclama
2023-03-25 22:17:11,325 		setTimers {
2023-03-25 22:17:11,341 		} setTimers
2023-03-25 22:17:11,341 	} getAutoStatus
2023-03-25 22:17:11,341 	reloadOrders {
2023-03-25 22:17:11,341 		goToPageEnd {
2023-03-25 22:17:11,341 			ifExistsClick {
2023-03-25 22:17:11,341 				closeReclama {
2023-03-25 22:17:12,854 				} closeReclama
2023-03-25 22:17:13,993 			} ifExistsClick
2023-03-25 22:17:14,086 		} goToPageEnd
2023-03-25 22:17:14,086 reloadOrders: auto['use diamonds reload'] = True
2023-03-25 22:17:14,086 		ifExistsClick {
2023-03-25 22:17:14,086 			closeReclama {
2023-03-25 22:17:15,865 			} closeReclama
2023-03-25 22:17:17,299 		} ifExistsClick
2023-03-25 22:17:27,315 		isPageBusy {
2023-03-25 22:17:28,470 		} isPageBusy
2023-03-25 22:17:28,470 	} reloadOrders
2023-03-25 22:17:28,470 	getAutoStatus {
2023-03-25 22:17:28,470     getAutoStatus: auto: {'lastEnterTime': 1679771721.113, 'pic': '319558.png', 'use diamonds reload': True, 'orderPic': 'rabota', 'id': '319558', 'findWords': '\xd1\x80\xd0\xb0\xd0\xb1\xd0\xbe\xd1\x82\xd0\xb0', 'status': 'empty reload'}
2023-03-25 22:17:28,470 		closeReclama {
2023-03-25 22:17:30,124 		} closeReclama
2023-03-25 22:17:30,888 		setTimers {
2023-03-25 22:17:30,888 		} setTimers
2023-03-25 22:17:30,888 	} getAutoStatus
2023-03-25 22:17:30,904 	findWords {
2023-03-25 22:17:30,904 		getOrderFindWordPic {
2023-03-25 22:17:30,904 		} getOrderFindWordPic
2023-03-25 22:17:31,871 	} findWords
2023-03-25 22:17:31,885 	clickOnCaptcha {
2023-03-25 22:17:33,586 		checkCaptchaOrder {
2023-03-25 22:17:33,586 			getOrderCheckPic {
2023-03-25 22:17:33,586 			} getOrderCheckPic
2023-03-25 22:17:34,085 			getOrderCheckPic {
2023-03-25 22:17:34,085 			} getOrderCheckPic
2023-03-25 22:17:34,381 		} checkCaptchaOrder
2023-03-25 22:17:34,381 		saveCaptcha {
2023-03-25 22:17:39,108 		} saveCaptcha
2023-03-25 22:17:39,671 	} clickOnCaptcha
2023-03-25 22:17:39,686 	isOrderAccepted {
2023-03-25 22:17:39,686 		getAutoStatus {
2023-03-25 22:17:39,686     getAutoStatus: auto: {'emptyStart': 1679771850.888, 'lastEnterTime': 1679771721.113, 'pic': '319558.png', 'use diamonds reload': True, 'orderPic': 'rabota', 'id': '319558', 'findWords': '\xd1\x80\xd0\xb0\xd0\xb1\xd0\xbe\xd1\x82\xd0\xb0', 'status': 'empty'}
2023-03-25 22:17:39,686 			closeReclama {
2023-03-25 22:17:42,010 			} closeReclama
2023-03-25 22:17:42,697 			setTimers {
2023-03-25 22:17:42,697 			} setTimers
2023-03-25 22:17:42,697 		} getAutoStatus
2023-03-25 22:17:42,697 	} isOrderAccepted
2023-03-25 22:17:42,697 	getAutoStatus {
2023-03-25 22:17:42,697     getAutoStatus: auto: {'emptyStart': 1679771850.888, 'lastEnterTime': 1679771721.113, 'pic': '319558.png', 'use diamonds reload': True, 'orderPic': 'rabota', 'id': '319558', 'findWords': '\xd1\x80\xd0\xb0\xd0\xb1\xd0\xbe\xd1\x82\xd0\xb0', 'status': 'empty'}
2023-03-25 22:17:42,697 		closeReclama {
2023-03-25 22:17:44,398 		} closeReclama
2023-03-25 22:17:45,068 		setTimers {
2023-03-25 22:17:45,068 		} setTimers
2023-03-25 22:17:45,068 	} getAutoStatus
2023-03-25 22:17:45,068 	findWords {
2023-03-25 22:17:45,068 		getOrderFindWordPic {
2023-03-25 22:17:45,068 		} getOrderFindWordPic
2023-03-25 22:17:52,181 	} findWords
2023-03-25 22:17:52,181 	reloadOrders {
2023-03-25 22:17:52,181 		goToPageEnd {
2023-03-25 22:17:52,181 			ifExistsClick {
2023-03-25 22:17:52,181 				closeReclama {
2023-03-25 22:17:53,851 				} closeReclama
2023-03-25 22:17:55,006 			} ifExistsClick
2023-03-25 22:17:55,098 		} goToPageEnd
2023-03-25 22:17:55,098 reloadOrders: auto['use diamonds reload'] = True
2023-03-25 22:17:55,098 		ifExistsClick {
2023-03-25 22:17:55,098 			closeReclama {
2023-03-25 22:17:56,861 			} closeReclama
2023-03-25 22:17:58,000 		} ifExistsClick
2023-03-25 22:17:58,000 		ifExistsClick {
2023-03-25 22:17:58,000 			closeReclama {
2023-03-25 22:17:59,592 			} closeReclama
2023-03-25 22:18:00,934 		} ifExistsClick
2023-03-25 22:18:10,948 		isPageBusy {
2023-03-25 22:18:12,102 		} isPageBusy
2023-03-25 22:18:12,102 	} reloadOrders
2023-03-25 22:18:17,111 	getAutoStatus {
2023-03-25 22:18:17,111     getAutoStatus: auto: {'emptyStart': 1679771850.888, 'lastEnterTime': 1679771721.113, 'pic': '319558.png', 'use diamonds reload': True, 'orderPic': 'rabota', 'id': '319558', 'findWords': '\xd1\x80\xd0\xb0\xd0\xb1\xd0\xbe\xd1\x82\xd0\xb0', 'status': 'empty'}
2023-03-25 22:18:17,111 		closeReclama {
2023-03-25 22:18:18,796 		} closeReclama
2023-03-25 22:18:19,638 		setTimers {
2023-03-25 22:18:19,638 		} setTimers
2023-03-25 22:18:19,638 	} getAutoStatus
2023-03-25 22:18:19,638 	findWords {
2023-03-25 22:18:19,638 		getOrderFindWordPic {
2023-03-25 22:18:19,638 		} getOrderFindWordPic
2023-03-25 22:18:20,792 	} findWords
2023-03-25 22:18:20,792 	clickOnCaptcha {
2023-03-25 22:18:22,118 		checkCaptchaOrder {
2023-03-25 22:18:22,118 			getOrderCheckPic {
2023-03-25 22:18:22,118 			} getOrderCheckPic
2023-03-25 22:18:22,585 			getOrderCheckPic {
2023-03-25 22:18:22,585 			} getOrderCheckPic
2023-03-25 22:18:22,789 		} checkCaptchaOrder
2023-03-25 22:18:22,789 		saveCaptcha {
2023-03-25 22:18:27,063 		} saveCaptcha
2023-03-25 22:18:27,641 	} clickOnCaptcha
2023-03-25 22:18:27,641 	isOrderAccepted {
2023-03-25 22:18:27,641 		getAutoStatus {
2023-03-25 22:18:27,641     getAutoStatus: auto: {'emptyStart': 1679771850.888, 'lastEnterTime': 1679771721.113, 'pic': '319558.png', 'use diamonds reload': True, 'orderPic': 'rabota', 'id': '319558', 'findWords': '\xd1\x80\xd0\xb0\xd0\xb1\xd0\xbe\xd1\x82\xd0\xb0', 'status': 'empty'}
2023-03-25 22:18:27,641 			closeReclama {
2023-03-25 22:18:30,028 			} closeReclama
2023-03-25 22:18:30,822 			setTimers {
2023-03-25 22:18:30,822 			} setTimers
2023-03-25 22:18:30,822 		} getAutoStatus
2023-03-25 22:18:30,822 	} isOrderAccepted
2023-03-25 22:18:30,822 	getAutoStatus {
2023-03-25 22:18:30,822     getAutoStatus: auto: {'emptyStart': 1679771850.888, 'lastEnterTime': 1679771721.113, 'pic': '319558.png', 'use diamonds reload': True, 'orderPic': 'rabota', 'id': '319558', 'findWords': '\xd1\x80\xd0\xb0\xd0\xb1\xd0\xbe\xd1\x82\xd0\xb0', 'status': 'empty'}
2023-03-25 22:18:30,822 		closeReclama {
2023-03-25 22:18:32,632 		} closeReclama
2023-03-25 22:18:33,319 		setTimers {
2023-03-25 22:18:33,319 		} setTimers
2023-03-25 22:18:33,319 	} getAutoStatus
2023-03-25 22:18:33,319 	findWords {
2023-03-25 22:18:33,319 		getOrderFindWordPic {
2023-03-25 22:18:33,319 		} getOrderFindWordPic
2023-03-25 22:18:41,447 	} findWords
2023-03-25 22:18:41,447 	reloadOrders {
2023-03-25 22:18:41,447 		goToPageEnd {
2023-03-25 22:18:41,447 			ifExistsClick {
2023-03-25 22:18:41,447 				closeReclama {
2023-03-25 22:18:43,973 				} closeReclama
2023-03-25 22:18:45,112 			} ifExistsClick
2023-03-25 22:18:45,299 		} goToPageEnd
2023-03-25 22:18:45,299 reloadOrders: auto['use diamonds reload'] = True
2023-03-25 22:18:45,299 		ifExistsClick {
2023-03-25 22:18:45,299 			closeReclama {
2023-03-25 22:18:47,062 			} closeReclama
2023-03-25 22:18:48,263 		} ifExistsClick
2023-03-25 22:18:48,263 		ifExistsClick {
2023-03-25 22:18:48,263 			closeReclama {
2023-03-25 22:18:50,105 			} closeReclama
2023-03-25 22:18:51,446 		} ifExistsClick
2023-03-25 22:19:01,461 		isPageBusy {
2023-03-25 22:19:02,834 		} isPageBusy
2023-03-25 22:19:02,834 	} reloadOrders
2023-03-25 22:19:07,842 	getAutoStatus {
2023-03-25 22:19:07,842     getAutoStatus: auto: {'emptyStart': 1679771850.888, 'lastEnterTime': 1679771721.113, 'pic': '319558.png', 'use diamonds reload': True, 'orderPic': 'rabota', 'id': '319558', 'findWords': '\xd1\x80\xd0\xb0\xd0\xb1\xd0\xbe\xd1\x82\xd0\xb0', 'status': 'empty'}
2023-03-25 22:19:07,842 		closeReclama {
2023-03-25 22:19:09,855 		} closeReclama
2023-03-25 22:19:10,697 		setTimers {
2023-03-25 22:19:10,697 		} setTimers
2023-03-25 22:19:10,697 	} getAutoStatus
2023-03-25 22:19:10,697 	findWords {
2023-03-25 22:19:10,697 		getOrderFindWordPic {
2023-03-25 22:19:10,697 		} getOrderFindWordPic
2023-03-25 22:19:11,571 	} findWords
2023-03-25 22:19:11,571 	clickOnCaptcha {
2023-03-25 22:19:14,066 		checkCaptchaOrder {
2023-03-25 22:19:14,066 			getOrderCheckPic {
2023-03-25 22:19:14,066 			} getOrderCheckPic
2023-03-25 22:19:14,721 			getOrderCheckPic {
2023-03-25 22:19:14,721 			} getOrderCheckPic
2023-03-25 22:19:14,970 		} checkCaptchaOrder
2023-03-25 22:19:14,970 		saveCaptcha {
2023-03-25 22:19:19,371 		} saveCaptcha
2023-03-25 22:19:20,368 	} clickOnCaptcha
2023-03-25 22:19:20,368 	isOrderAccepted {
2023-03-25 22:19:20,368 		getAutoStatus {
2023-03-25 22:19:20,368     getAutoStatus: auto: {'emptyStart': 1679771850.888, 'lastEnterTime': 1679771721.113, 'pic': '319558.png', 'use diamonds reload': True, 'orderPic': 'rabota', 'id': '319558', 'findWords': '\xd1\x80\xd0\xb0\xd0\xb1\xd0\xbe\xd1\x82\xd0\xb0', 'status': 'empty'}
2023-03-25 22:19:20,368 			closeReclama {
2023-03-25 22:19:22,786 			} closeReclama
2023-03-25 22:19:24,112 			setTimers {
2023-03-25 22:19:24,112 			} setTimers
2023-03-25 22:19:24,128 		} getAutoStatus
2023-03-25 22:19:24,128 1
2023-03-25 22:19:24,128 	} isOrderAccepted
2023-03-25 22:19:24,128     isOrderTaken = True
2023-03-25 22:19:24,128 } getOrder
2023-03-25 22:19:24,128 =========================================================
2023-03-25 22:19:24,128 loadAutoPage {
2023-03-25 22:19:24,658 	goToURL {
2023-03-25 22:19:25,049 	} goToURL
2023-03-25 22:19:25,049 	waitPageLoad {
2023-03-25 22:19:25,079 	} waitPageLoad
2023-03-25 22:19:25,079 	closeReclama {
2023-03-25 22:19:27,872 	} closeReclama
2023-03-25 22:19:34,081 } loadAutoPage
2023-03-25 22:19:34,081 getAutoStatus {
2023-03-25 22:19:34,081     getAutoStatus: auto: {'lastEnterTime': 1679771964.129, 'pic': '264417.png', 'use diamonds reload': True, 'orderPic': 'diamonds', 'id': '264417', 'findWords': '\xd0\xb1\xd0\xbe\xd0\xbd\xd1\x83\xd1\x81'}
2023-03-25 22:19:34,081 	closeReclama {
2023-03-25 22:19:40,214 	} closeReclama
2023-03-25 22:19:50,552 } getAutoStatus
2023-03-25 22:19:50,552 getAutoStatus {
2023-03-25 22:19:50,552     getAutoStatus: auto: {'lastEnterTime': 1679771964.129, 'pic': '264417.png', 'use diamonds reload': True, 'orderPic': 'diamonds', 'id': '264417', 'findWords': '\xd0\xb1\xd0\xbe\xd0\xbd\xd1\x83\xd1\x81'}
2023-03-25 22:19:50,568 	closeReclama {
2023-03-25 22:19:52,799 	} closeReclama
2023-03-25 22:19:54,640 	setTimers {
2023-03-25 22:19:54,640 	} setTimers
2023-03-25 22:19:54,640 } getAutoStatus
2023-03-25 22:19:55,358 =========================================================
2023-03-25 22:19:55,358 loadAutoPage {
2023-03-25 22:19:55,982 	goToURL {
2023-03-25 22:19:56,403 	} goToURL
2023-03-25 22:19:56,403 	waitPageLoad {
2023-03-25 22:19:56,434 	} waitPageLoad
2023-03-25 22:19:56,434 	closeReclama {
2023-03-25 22:19:59,835 	} closeReclama
2023-03-25 22:20:01,098 	goToURL {
2023-03-25 22:20:01,598 	} goToURL
2023-03-25 22:20:01,598 	waitPageLoad {
2023-03-25 22:20:02,456 	} waitPageLoad
2023-03-25 22:20:02,456 	closeReclama {
2023-03-25 22:20:07,502 	} closeReclama
2023-03-25 22:20:08,844 	goToURL {
2023-03-25 22:20:09,437 	} goToURL
2023-03-25 22:20:09,437 	waitPageLoad {
2023-03-25 22:20:13,582 	} waitPageLoad
2023-03-25 22:20:13,598 	closeReclama {
2023-03-25 22:20:17,594 	} closeReclama
2023-03-25 22:20:20,792 } loadAutoPage
2023-03-25 22:20:20,792 getAutoStatus {
2023-03-25 22:20:20,792     getAutoStatus: auto: {'lastEnterTime': 1679771995.358, 'pic': '264417.png', 'use diamonds reload': True, 'orderPic': 'diamonds', 'id': '264417', 'findWords': '\xd0\xb1\xd0\xbe\xd0\xbd\xd1\x83\xd1\x81', 'status': 'submit order'}
2023-03-25 22:20:20,792 	closeReclama {
2023-03-25 22:20:23,634 	} closeReclama
2023-03-25 22:20:29,671 } getAutoStatus
2023-03-25 22:20:29,671 getAutoStatus {
2023-03-25 22:20:29,671     getAutoStatus: auto: {'lastEnterTime': 1679771995.358, 'pic': '264417.png', 'use diamonds reload': True, 'orderPic': 'diamonds', 'id': '264417', 'findWords': '\xd0\xb1\xd0\xbe\xd0\xbd\xd1\x83\xd1\x81', 'status': 'submit order'}
2023-03-25 22:20:29,671 	closeReclama {
2023-03-25 22:20:33,993 	} closeReclama
2023-03-25 22:20:35,178 	setTimers {
2023-03-25 22:20:35,178 	} setTimers
2023-03-25 22:20:35,178 } getAutoStatus
2023-03-25 22:20:35,178 getOrder {
2023-03-25 22:20:35,178 	getOrderPic {
2023-03-25 22:20:35,178 	} getOrderPic
2023-03-25 22:20:35,194 	getAutoStatus {
2023-03-25 22:20:35,194     getAutoStatus: auto: {'emptyStart': 1679772035.179, 'lastEnterTime': 1679771995.358, 'pic': '264417.png', 'use diamonds reload': True, 'orderPic': 'diamonds', 'id': '264417', 'findWords': '\xd0\xb1\xd0\xbe\xd0\xbd\xd1\x83\xd1\x81', 'status': 'empty'}
2023-03-25 22:20:35,194 		closeReclama {
2023-03-25 22:20:37,440 		} closeReclama
2023-03-25 22:20:38,329 		setTimers {
2023-03-25 22:20:38,329 		} setTimers
2023-03-25 22:20:38,329 	} getAutoStatus
2023-03-25 22:20:38,329 	findWords {
2023-03-25 22:20:38,329 		getOrderFindWordPic {
2023-03-25 22:20:38,329 		} getOrderFindWordPic
2023-03-25 22:20:39,625 	} findWords
2023-03-25 22:20:39,625 	clickOnCaptcha {
2023-03-25 22:20:41,917 		checkCaptchaOrder {
2023-03-25 22:20:41,917 			getOrderCheckPic {
2023-03-25 22:20:41,917 			} getOrderCheckPic
2023-03-25 22:20:42,822 			getOrderCheckPic {
2023-03-25 22:20:42,822 			} getOrderCheckPic
2023-03-25 22:20:43,743 		} checkCaptchaOrder
2023-03-25 22:20:43,743 		getAutoStatus {
2023-03-25 22:20:43,743     getAutoStatus: auto: {'emptyStart': 1679772035.179, 'lastEnterTime': 1679771995.358, 'pic': '264417.png', 'use diamonds reload': True, 'orderPic': 'diamonds', 'id': '264417', 'findWords': '\xd0\xb1\xd0\xbe\xd0\xbd\xd1\x83\xd1\x81', 'status': 'empty'}
2023-03-25 22:20:43,743 			closeReclama {
2023-03-25 22:20:45,848 			} closeReclama
2023-03-25 22:20:51,589 		} getAutoStatus
2023-03-25 22:20:51,605 		getAutoStatus {
2023-03-25 22:20:51,605     getAutoStatus: auto: {'emptyStart': 1679772035.179, 'lastEnterTime': 1679771995.358, 'pic': '264417.png', 'use diamonds reload': True, 'orderPic': 'diamonds', 'id': '264417', 'findWords': '\xd0\xb1\xd0\xbe\xd0\xbd\xd1\x83\xd1\x81', 'status': 'empty'}
2023-03-25 22:20:51,605 			closeReclama {
2023-03-25 22:20:53,835 			} closeReclama
2023-03-25 22:20:58,891 			setTimers {
2023-03-25 22:20:58,891 			} setTimers
2023-03-25 22:20:58,891 			loadAutoPage {
2023-03-25 22:20:59,562 				goToURL {
2023-03-25 22:20:59,997 				} goToURL
2023-03-25 22:20:59,997 				waitPageLoad {
2023-03-25 22:21:00,029 				} waitPageLoad
2023-03-25 22:21:00,029 				closeReclama {
2023-03-25 22:21:02,993 				} closeReclama
2023-03-25 22:21:04,365 				goToURL {
2023-03-25 22:21:05,848 				} goToURL
2023-03-25 22:21:05,848 				waitPageLoad {
2023-03-25 22:21:11,720 				} waitPageLoad
2023-03-25 22:21:11,720 				closeReclama {
2023-03-25 22:21:15,809 				} closeReclama
2023-03-25 22:21:18,911 			} loadAutoPage
2023-03-25 22:21:18,911 		} getAutoStatus
2023-03-25 22:21:18,911 		findWords {
2023-03-25 22:21:18,911 			getOrderFindWordPic {
2023-03-25 22:21:18,911 			} getOrderFindWordPic
2023-03-25 22:21:20,737 		} findWords
2023-03-25 22:21:20,737 		clickOnCaptcha {
2023-03-25 22:21:22,719 			checkCaptchaOrder {
2023-03-25 22:21:22,719 				getOrderCheckPic {
2023-03-25 22:21:22,719 				} getOrderCheckPic
2023-03-25 22:21:23,796 				getOrderCheckPic {
2023-03-25 22:21:23,796 				} getOrderCheckPic
2023-03-25 22:21:24,108 			} checkCaptchaOrder
2023-03-25 22:21:24,122 			saveCaptcha {
2023-03-25 22:21:31,377 			} saveCaptcha
2023-03-25 22:21:32,328 		} clickOnCaptcha
2023-03-25 22:21:32,328 		isOrderAccepted {
2023-03-25 22:21:32,328 			getAutoStatus {
2023-03-25 22:21:32,328     getAutoStatus: auto: {'lastEnterTime': 1679771995.358, 'pic': '264417.png', 'use diamonds reload': True, 'orderPic': 'diamonds', 'id': '264417', 'findWords': '\xd0\xb1\xd0\xbe\xd0\xbd\xd1\x83\xd1\x81', 'status': 'unknown'}
2023-03-25 22:21:32,328 				closeReclama {
2023-03-25 22:21:35,526 				} closeReclama
2023-03-25 22:21:36,338 				setTimers {
2023-03-25 22:21:36,338 				} setTimers
2023-03-25 22:21:36,338 			} getAutoStatus
2023-03-25 22:21:36,338 		} isOrderAccepted
2023-03-25 22:21:36,338 		getAutoStatus {
2023-03-25 22:21:36,338     getAutoStatus: auto: {'emptyStart': 1679772096.338, 'lastEnterTime': 1679771995.358, 'pic': '264417.png', 'use diamonds reload': True, 'orderPic': 'diamonds', 'id': '264417', 'findWords': '\xd0\xb1\xd0\xbe\xd0\xbd\xd1\x83\xd1\x81', 'status': 'empty'}
2023-03-25 22:21:36,338 			closeReclama {
2023-03-25 22:21:38,397 			} closeReclama
2023-03-25 22:21:39,036 			setTimers {
2023-03-25 22:21:39,036 			} setTimers
2023-03-25 22:21:39,036 		} getAutoStatus
2023-03-25 22:21:39,036 		findWords {
2023-03-25 22:21:39,036 			getOrderFindWordPic {
2023-03-25 22:21:39,036 			} getOrderFindWordPic
2023-03-25 22:21:40,051 		} findWords
2023-03-25 22:21:40,051 		clickOnCaptcha {
2023-03-25 22:21:47,055 		} clickOnCaptcha
2023-03-25 22:21:47,055 		getAutoStatus {
2023-03-25 22:21:47,055     getAutoStatus: auto: {'emptyStart': 1679772096.338, 'lastEnterTime': 1679771995.358, 'pic': '264417.png', 'use diamonds reload': True, 'orderPic': 'diamonds', 'id': '264417', 'findWords': '\xd0\xb1\xd0\xbe\xd0\xbd\xd1\x83\xd1\x81', 'status': 'empty'}
2023-03-25 22:21:47,055 			closeReclama {
2023-03-25 22:21:48,756 			} closeReclama
2023-03-25 22:21:49,394 			setTimers {
2023-03-25 22:21:49,394 			} setTimers
2023-03-25 22:21:49,394 		} getAutoStatus
2023-03-25 22:21:49,394 		findWords {
2023-03-25 22:21:49,394 			getOrderFindWordPic {
2023-03-25 22:21:49,394 			} getOrderFindWordPic
2023-03-25 22:21:50,533 		} findWords
2023-03-25 22:21:50,533 		clickOnCaptcha {
2023-03-25 22:21:52,405 			checkCaptchaOrder {
2023-03-25 22:21:52,405 				getOrderCheckPic {
2023-03-25 22:21:52,405 				} getOrderCheckPic
2023-03-25 22:21:53,108 				getOrderCheckPic {
2023-03-25 22:21:53,108 				} getOrderCheckPic
2023-03-25 22:21:53,326 			} checkCaptchaOrder
2023-03-25 22:21:53,326 			saveCaptcha {
2023-03-25 22:21:57,351 			} saveCaptcha
2023-03-25 22:21:58,365 		} clickOnCaptcha
2023-03-25 22:21:58,365 		isOrderAccepted {
2023-03-25 22:21:58,381 			getAutoStatus {
2023-03-25 22:21:58,381     getAutoStatus: auto: {'emptyStart': 1679772096.338, 'lastEnterTime': 1679771995.358, 'pic': '264417.png', 'use diamonds reload': True, 'orderPic': 'diamonds', 'id': '264417', 'findWords': '\xd0\xb1\xd0\xbe\xd0\xbd\xd1\x83\xd1\x81', 'status': 'empty'}
2023-03-25 22:21:58,381 				closeReclama {
2023-03-25 22:22:00,690 				} closeReclama
2023-03-25 22:22:01,345 				setTimers {
2023-03-25 22:22:01,345 				} setTimers
2023-03-25 22:22:01,345 			} getAutoStatus
2023-03-25 22:22:01,345 		} isOrderAccepted
2023-03-25 22:22:01,345 		getAutoStatus {
2023-03-25 22:22:01,345     getAutoStatus: auto: {'emptyStart': 1679772096.338, 'lastEnterTime': 1679771995.358, 'pic': '264417.png', 'use diamonds reload': True, 'orderPic': 'diamonds', 'id': '264417', 'findWords': '\xd0\xb1\xd0\xbe\xd0\xbd\xd1\x83\xd1\x81', 'status': 'empty'}
2023-03-25 22:22:01,345 			closeReclama {
2023-03-25 22:22:02,826 			} closeReclama
2023-03-25 22:22:03,467 			setTimers {
2023-03-25 22:22:03,467 			} setTimers
2023-03-25 22:22:03,467 		} getAutoStatus
2023-03-25 22:22:03,467 		findWords {
2023-03-25 22:22:03,467 			getOrderFindWordPic {
2023-03-25 22:22:03,467 			} getOrderFindWordPic
2023-03-25 22:22:04,512 		} findWords
2023-03-25 22:22:04,512 		clickOnCaptcha {
2023-03-25 22:22:06,696 			checkCaptchaOrder {
2023-03-25 22:22:06,696 				getOrderCheckPic {
2023-03-25 22:22:06,696 				} getOrderCheckPic
2023-03-25 22:22:07,210 				getOrderCheckPic {
2023-03-25 22:22:07,210 				} getOrderCheckPic
2023-03-25 22:22:07,897 			} checkCaptchaOrder
2023-03-25 22:22:07,897 			saveCaptcha {
2023-03-25 22:22:13,934 			} saveCaptcha
2023-03-25 22:22:14,885 		} clickOnCaptcha
2023-03-25 22:22:14,885 		isOrderAccepted {
2023-03-25 22:22:14,933 			getAutoStatus {
2023-03-25 22:22:14,947     getAutoStatus: auto: {'emptyStart': 1679772096.338, 'lastEnterTime': 1679771995.358, 'pic': '264417.png', 'use diamonds reload': True, 'orderPic': 'diamonds', 'id': '264417', 'findWords': '\xd0\xb1\xd0\xbe\xd0\xbd\xd1\x83\xd1\x81', 'status': 'empty'}
2023-03-25 22:22:14,947 				closeReclama {
2023-03-25 22:22:17,319 				} closeReclama
2023-03-25 22:22:18,052 				setTimers {
2023-03-25 22:22:18,052 				} setTimers
2023-03-25 22:22:18,052 			} getAutoStatus
2023-03-25 22:22:18,052 		} isOrderAccepted
2023-03-25 22:22:18,052 		getAutoStatus {
2023-03-25 22:22:18,052     getAutoStatus: auto: {'emptyStart': 1679772096.338, 'lastEnterTime': 1679771995.358, 'pic': '264417.png', 'use diamonds reload': True, 'orderPic': 'diamonds', 'id': '264417', 'findWords': '\xd0\xb1\xd0\xbe\xd0\xbd\xd1\x83\xd1\x81', 'status': 'empty'}
2023-03-25 22:22:18,052 			closeReclama {
2023-03-25 22:22:19,690 			} closeReclama
2023-03-25 22:22:20,392 			setTimers {
2023-03-25 22:22:20,392 			} setTimers
2023-03-25 22:22:20,392 		} getAutoStatus
2023-03-25 22:22:20,392 		findWords {
2023-03-25 22:22:20,392 			getOrderFindWordPic {
2023-03-25 22:22:20,407 			} getOrderFindWordPic
2023-03-25 22:22:21,890 		} findWords
2023-03-25 22:22:21,890 		clickOnCaptcha {
2023-03-25 22:22:23,778 			checkCaptchaOrder {
2023-03-25 22:22:23,778 				getOrderCheckPic {
2023-03-25 22:22:23,778 				} getOrderCheckPic
2023-03-25 22:22:25,259 				getOrderCheckPic {
2023-03-25 22:22:25,259 				} getOrderCheckPic
2023-03-25 22:22:26,118 			} checkCaptchaOrder
2023-03-25 22:22:26,118 			saveCaptcha {
2023-03-25 22:22:29,456 			} saveCaptcha
2023-03-25 22:22:30,282 		} clickOnCaptcha
2023-03-25 22:22:30,299 		isOrderAccepted {
2023-03-25 22:22:30,299 			getAutoStatus {
2023-03-25 22:22:30,299     getAutoStatus: auto: {'emptyStart': 1679772096.338, 'lastEnterTime': 1679771995.358, 'pic': '264417.png', 'use diamonds reload': True, 'orderPic': 'diamonds', 'id': '264417', 'findWords': '\xd0\xb1\xd0\xbe\xd0\xbd\xd1\x83\xd1\x81', 'status': 'empty'}
2023-03-25 22:22:30,299 				closeReclama {
2023-03-25 22:22:32,841 				} closeReclama
2023-03-25 22:22:33,996 				setTimers {
2023-03-25 22:22:33,996 				} setTimers
2023-03-25 22:22:33,996 			} getAutoStatus
2023-03-25 22:22:33,996 1
2023-03-25 22:22:33,996 		} isOrderAccepted
2023-03-25 22:22:33,996     isOrderTaken = True
2023-03-25 22:22:33,996 	} getOrder
